Build started 2016-01-25 15:39:05.
     1>Project "P:\Documents\GitHub\Project_Player\Project\Project\Project.vcxproj" on node 2 (Build target(s)).
     1>ClCompile:
         C:\Program Files (x86)\Microsoft Visual Studio 12.0\VC\bin\CL.exe /c /ZI /nologo /W3 /WX- /sdl /Od /Oy- /D _MBCS /Gm /EHsc /RTC1 /MDd /GS /fp:precise /Zc:wchar_t /Zc:forScope /Fo"Debug\\" /Fd"Debug\vc120.pdb" /Gd /TP /analyze- /errorReport:prompt Cat1.cpp Entity.cpp Game.cpp GameObject.cpp Main.cpp NewMain.cpp Player.cpp
         Player.cpp
         NewMain.cpp
         Main.cpp
         GameObject.cpp
         Game.cpp
         Entity.cpp
         Cat1.cpp
         Generating Code...
       Link:
         C:\Program Files (x86)\Microsoft Visual Studio 12.0\VC\bin\link.exe /ERRORREPORT:PROMPT /OUT:"P:\Documents\GitHub\Project_Player\Project\Debug\Project.exe" /INCREMENTAL /NOLOGO "sfml-graphics-d.lib" "sfml-window-d.lib" "sfml-system-d.lib" "sfml-audio-d.lib" "sfml-network-d.lib" kernel32.lib user32.lib gdi32.lib winspool.lib comdlg32.lib advapi32.lib shell32.lib ole32.lib oleaut32.lib uuid.lib odbc32.lib odbccp32.lib /MANIFEST /MANIFESTUAC:"level='asInvoker' uiAccess='false'" /manifest:embed /DEBUG /PDB:"P:\Documents\GitHub\Project_Player\Project\Debug\Project.pdb" /TLBID:1 /DYNAMICBASE /NXCOMPAT /IMPLIB:"P:\Documents\GitHub\Project_Player\Project\Debug\Project.lib" /MACHINE:X86 Debug\Cat1.obj
         Debug\Entity.obj
         Debug\Game.obj
         Debug\GameObject.obj
         Debug\Main.obj
         Debug\NewMain.obj
         Debug\Player.obj
         Project.vcxproj -> P:\Documents\GitHub\Project_Player\Project\Debug\Project.exe
     1>Done Building Project "P:\Documents\GitHub\Project_Player\Project\Project\Project.vcxproj" (Build target(s)).

Build succeeded.

Time Elapsed 00:00:05.85
